#
# There is insufficient memory for the Java Runtime Environment to continue.
# Native memory allocation (malloc) failed to allocate 1048576 bytes for AllocateHeap
# Possible reasons:
#   The system is out of physical RAM or swap space
#   The process is running with CompressedOops enabled, and the Java Heap may be blocking the growth of the native heap
# Possible solutions:
#   Reduce memory load on the system
#   Increase physical memory or swap space
#   Check if swap backing store is full
#   Decrease Java heap size (-Xmx/-Xms)
#   Decrease number of Java threads
#   Decrease Java thread stack sizes (-Xss)
#   Set larger code cache with -XX:ReservedCodeCacheSize=
#   JVM is running with Unscaled Compressed Oops mode in which the Java heap is
#     placed in the first 4GB address space. The Java Heap base address is the
#     maximum limit for the native heap growth. Please use -XX:HeapBaseMinAddress
#     to set the Java Heap base and to place the Java Heap above 4GB virtual address.
# This output file may be truncated or incomplete.
#
#  Out of Memory Error (memory/allocation.inline.hpp:61), pid=25020, tid=0x0000000000006de4
#
# JRE version:  (8.0_291-b10) (build )
# Java VM: Java HotSpot(TM) 64-Bit Server VM (25.291-b10 mixed mode windows-amd64 compressed oops)
# Failed to write core dump. Minidumps are not enabled by default on client versions of Windows
#

---------------  T H R E A D  ---------------

Current thread (0x00000292b64df000):  JavaThread "Unknown thread" [_thread_in_vm, id=28132, stack(0x000000d116800000,0x000000d116900000)]

Stack: [0x000000d116800000,0x000000d116900000]
Native frames: (J=compiled Java code, j=interpreted, Vv=VM code, C=native code)
V  [jvm.dll+0x32ea19]
V  [jvm.dll+0x275462]
V  [jvm.dll+0x27610d]
V  [jvm.dll+0x26cb45]
V  [jvm.dll+0x509d]
V  [jvm.dll+0x3c91ad]
V  [jvm.dll+0x3c9f2a]
V  [jvm.dll+0x3c5ec7]
V  [jvm.dll+0xfcaff]
V  [jvm.dll+0x209dfb]
V  [jvm.dll+0x238827]
V  [jvm.dll+0x1625b6]
C  [javaw.exe+0x2322]
C  [javaw.exe+0x16544]
C  [KERNEL32.DLL+0x17034]
C  [ntdll.dll+0x52651]


---------------  P R O C E S S  ---------------

Java Threads: ( => current thread )

Other Threads:

=>0x00000292b64df000 (exited) JavaThread "Unknown thread" [_thread_in_vm, id=28132, stack(0x000000d116800000,0x000000d116900000)]

VM state:not at safepoint (normal execution)

VM Mutex/Monitor currently owned by a thread: None

heap address: 0x0000000082000000, size: 2016 MB, Compressed Oops mode: 32-bit
Narrow klass base: 0x0000000000000000, Narrow klass shift: 3
Compressed class space size: 1073741824 Address: 0x0000000100000000

Heap:
 PSYoungGen      total 37888K, used 655K [0x00000000d6000000, 0x00000000d8a00000, 0x0000000100000000)
  eden space 32768K, 2% used [0x00000000d6000000,0x00000000d60a3d80,0x00000000d8000000)
  from space 5120K, 0% used [0x00000000d8500000,0x00000000d8500000,0x00000000d8a00000)
  to   space 5120K, 0% used [0x00000000d8000000,0x00000000d8000000,0x00000000d8500000)
 ParOldGen       total 86016K, used 0K [0x0000000082000000, 0x0000000087400000, 0x00000000d6000000)
  object space 86016K, 0% used [0x0000000082000000,0x0000000082000000,0x0000000087400000)
 Metaspace       used 753K, capacity 4480K, committed 4480K, reserved 1056768K
  class space    used 76K, capacity 384K, committed 384K, reserved 1048576K

Card table byte_map: [0x00000292c7120000,0x00000292c7520000] byte_map_base: 0x00000292c6d10000

Marking Bits: (ParMarkBitMap*) 0x0000000051e87fe0
 Begin Bits: [0x00000292c77c0000, 0x00000292c9740000)
 End Bits:   [0x00000292c9740000, 0x00000292cb6c0000)

Polling page: 0x00000292b6430000

CodeCache: size=245760Kb used=328Kb max_used=328Kb free=245431Kb
 bounds [0x00000292b7d60000, 0x00000292b7fd0000, 0x00000292c6d60000]
 total_blobs=58 nmethods=0 adapters=38
 compilation: enabled

Compilation events (0 events):
No events

GC Heap History (0 events):
No events

Deoptimization events (0 events):
No events

Classes redefined (0 events):
No events

Internal exceptions (0 events):
No events

Events (10 events):
Event: 0.047 loading class java/lang/Short
Event: 0.047 loading class java/lang/Short done
Event: 0.047 loading class java/lang/Integer
Event: 0.047 loading class java/lang/Integer done
Event: 0.047 loading class java/lang/Long
Event: 0.047 loading class java/lang/Long done
Event: 0.048 loading class java/lang/NullPointerException
Event: 0.048 loading class java/lang/NullPointerException done
Event: 0.048 loading class java/lang/ArithmeticException
Event: 0.048 loading class java/lang/ArithmeticException done


Dynamic libraries:
0x00007ff6c7150000 - 0x00007ff6c7197000 	C:\Program Files\Java\jre1.8.0_291\bin\javaw.exe
0x00007ffc63650000 - 0x00007ffc63845000 	C:\WINDOWS\SYSTEM32\ntdll.dll
0x00007ffc62dd0000 - 0x00007ffc62e8d000 	C:\WINDOWS\System32\KERNEL32.DLL
0x00007ffc61050000 - 0x00007ffc61318000 	C:\WINDOWS\System32\KERNELBASE.dll
0x00007ffc62d00000 - 0x00007ffc62dac000 	C:\WINDOWS\System32\ADVAPI32.dll
0x00007ffc62580000 - 0x00007ffc6261e000 	C:\WINDOWS\System32\msvcrt.dll
0x00007ffc62040000 - 0x00007ffc620db000 	C:\WINDOWS\System32\sechost.dll
0x00007ffc61790000 - 0x00007ffc618bb000 	C:\WINDOWS\System32\RPCRT4.dll
0x00007ffc62370000 - 0x00007ffc62510000 	C:\WINDOWS\System32\USER32.dll
0x00007ffc60d90000 - 0x00007ffc60db2000 	C:\WINDOWS\System32\win32u.dll
0x00007ffc62010000 - 0x00007ffc6203a000 	C:\WINDOWS\System32\GDI32.dll
0x00007ffc60ee0000 - 0x00007ffc60feb000 	C:\WINDOWS\System32\gdi32full.dll
0x00007ffc60e40000 - 0x00007ffc60edd000 	C:\WINDOWS\System32\msvcp_win.dll
0x00007ffc615b0000 - 0x00007ffc616b0000 	C:\WINDOWS\System32\ucrtbase.dll
0x00007ffc52230000 - 0x00007ffc524ca000 	C:\WINDOWS\WinSxS\amd64_microsoft.windows.common-controls_6595b64144ccf1df_6.0.19041.844_none_ca00b6081b84eb1d\COMCTL32.dll
0x00007ffc62e90000 - 0x00007ffc62ec0000 	C:\WINDOWS\System32\IMM32.DLL
0x00007ffc4db40000 - 0x00007ffc4db55000 	C:\Program Files\Java\jre1.8.0_291\bin\vcruntime140.dll
0x00007ffc29bb0000 - 0x00007ffc29c4b000 	C:\Program Files\Java\jre1.8.0_291\bin\msvcp140.dll
0x00000000516a0000 - 0x0000000051f00000 	C:\Program Files\Java\jre1.8.0_291\bin\server\jvm.dll
0x00007ffc62cf0000 - 0x00007ffc62cf8000 	C:\WINDOWS\System32\PSAPI.DLL
0x00007ffc5c7a0000 - 0x00007ffc5c7a9000 	C:\WINDOWS\SYSTEM32\WSOCK32.dll
0x00007ffc62680000 - 0x00007ffc626eb000 	C:\WINDOWS\System32\WS2_32.dll
0x00007ffc52680000 - 0x00007ffc526a7000 	C:\WINDOWS\SYSTEM32\WINMM.dll
0x00007ffc59d80000 - 0x00007ffc59d8a000 	C:\WINDOWS\SYSTEM32\VERSION.dll
0x00007ffc5f6b0000 - 0x00007ffc5f6c2000 	C:\WINDOWS\SYSTEM32\kernel.appcore.dll
0x00007ffc5c720000 - 0x00007ffc5c730000 	C:\Program Files\Java\jre1.8.0_291\bin\verify.dll
0x00007ffc4fde0000 - 0x00007ffc4fe0b000 	C:\Program Files\Java\jre1.8.0_291\bin\java.dll
0x00007ffc51aa0000 - 0x00007ffc51ab8000 	C:\Program Files\Java\jre1.8.0_291\bin\zip.dll
0x00007ffc489f0000 - 0x00007ffc48bd4000 	C:\WINDOWS\SYSTEM32\dbghelp.dll
0x00007ffc60dc0000 - 0x00007ffc60e40000 	C:\WINDOWS\System32\bcryptPrimitives.dll

VM Arguments:
jvm_args: -Dfile.encoding=UTF-8 
java_command: CalendarForm
java_class_path (initial): C:\Users\ø¿»Ò¡§∞˙ ±Ë»∆√∂\Desktop\yeonwooJava\JAVA_INHA_AIR\bin;C:\Users\ø¿»Ò¡§∞˙ ±Ë»∆√∂\Desktop\yeonwooJava\JAVA_INHA_AIR\libs\mysql-connector-java-8.0.11.jar
Launcher Type: SUN_STANDARD

Environment Variables:
PATH=C:/Program Files/Java/jre1.8.0_291/bin/server;C:/Program Files/Java/jre1.8.0_291/bin;C:/Program Files/Java/jre1.8.0_291/lib/amd64;C:\Program Files (x86)\Common Files\Oracle\Java\javapath;C:\Windows\system32;C:\Windows;C:\Windows\System32\Wbem;C:\Windows\System32\WindowsPowerShell\v1.0\;C:\Windows\System32\OpenSSH\;C:\Program Files (x86)\Windows Kits\8.1\Windows Performance Toolkit\;C:\Program Files\Microsoft SQL Server\110\Tools\Binn\;C:\Program Files (x86)\NVIDIA Corporation\PhysX\Common;C:\Program Files\NVIDIA Corporation\NVIDIA NvDLISR;C:\Program Files (x86)\Windows Kits\10\Windows Performance Toolkit\;C:\Program Files\dotnet\;C:\Program Files\nodejs\;C:\WINDOWS\system32;C:\WINDOWS;C:\WINDOWS\System32\Wbem;C:\WINDOWS\System32\WindowsPowerShell\v1.0\;C:\WINDOWS\System32\OpenSSH\;C:\Users\ø¿»Ò¡§∞˙ ±Ë»∆√∂\AppData\Local\Microsoft\WindowsApps;C:\Users\ø¿»Ò¡§∞˙ ±Ë»∆√∂\.dotnet\tools;C:\Users\ø¿»Ò¡§∞˙ ±Ë»∆√∂\AppData\Roaming\npm;C:\Users\ø¿»Ò¡§∞˙ ±Ë»∆√∂\AppData\Local\Programs\Microsoft VS Code\bin;C:\Users\ø¿»Ò¡§∞˙ ±Ë»∆√∂\AppData\Local\GitHubDesktop\bin;C:\Users\ø¿»Ò¡§∞˙ ±Ë»∆√∂\Documents\eclipse;
USERNAME=ø¿»Ò¡§∞˙ ±Ë»∆√∂
OS=Windows_NT
PROCESSOR_IDENTIFIER=Intel64 Family 6 Model 158 Stepping 9, GenuineIntel



---------------  S Y S T E M  ---------------

OS: Windows 10.0 , 64 bit Build 19041 (10.0.19041.928)

CPU:total 4 (initial active 4) (4 cores per cpu, 1 threads per core) family 6 model 158 stepping 9, cmov, cx8, fxsr, mmx, sse, sse2, sse3, ssse3, sse4.1, sse4.2, popcnt, avx, avx2, aes, clmul, erms, rtm, 3dnowpref, lzcnt, tsc, tscinvbit, bmi1, bmi2, adx

Memory: 4k page, physical 8251160k(925728k free), swap 22754392k(5216k free)

vm_info: Java HotSpot(TM) 64-Bit Server VM (25.291-b10) for windows-amd64 JRE (1.8.0_291-b10), built on Apr  9 2021 00:02:00 by "java_re" with MS VC++ 15.9 (VS2017)

time: Tue May 18 00:06:28 2021
timezone: ¥Î«—πŒ±π «•¡ÿΩ√
elapsed time: 0.075007 seconds (0d 0h 0m 0s)

